<?xml version="1.0" encoding="UTF-8"?>
<!-- Generated by org.testng.reporters.JUnitXMLReporter -->
<testsuite ignored="0" hostname="LAPTOP-AVFG8GHG" failures="0" tests="3" name="Default test" time="54.788" errors="0" timestamp="2023-02-19T21:09:33 IST">
  <testcase classname="Tests.LoginpageTest" name="loginwithvalidcredentials" time="6.001"/>
  <testcase classname="Tests.LoginpageTest" name="logincredentialswithinvalidpassword" time="8.038"/>
  <testcase classname="Tests.LoginpageTest" name="loginwithinvalidusername" time="7.497"/>
</testsuite> <!-- Default test -->
