<?xml version="1.0" encoding="UTF-8"?>
<!-- Generated by org.testng.reporters.JUnitXMLReporter -->
<testsuite ignored="0" hostname="LAPTOP-AVFG8GHG" failures="0" tests="3" name="Test" time="57.799" errors="0" timestamp="2023-02-12T22:38:40 IST">
  <testcase classname="Tests.LoginpageTest" name="loginwithvalidcredentials" time="5.979"/>
  <testcase classname="Tests.LoginpageTest" name="logincredentialswithinvalidpassword" time="7.375"/>
  <testcase classname="Tests.LoginpageTest" name="loginwithinvalidusername" time="7.085"/>
</testsuite> <!-- Test -->
