<?xml version="1.0" encoding="UTF-8"?>
<!-- Generated by org.testng.reporters.JUnitXMLReporter -->
<testsuite ignored="0" hostname="LAPTOP-AVFG8GHG" failures="0" tests="3" name="Command line test" time="57.892" errors="0" timestamp="2023-02-14T21:10:37 IST">
  <testcase classname="Tests.LoginpageTest" name="loginwithvalidcredentials" time="7.205"/>
  <testcase classname="Tests.LoginpageTest" name="logincredentialswithinvalidpassword" time="7.383"/>
  <testcase classname="Tests.LoginpageTest" name="loginwithinvalidusername" time="7.687"/>
</testsuite> <!-- Command line test -->
