<?xml version="1.0" encoding="UTF-8"?>
<testng-results ignored="0" total="3" passed="3" failed="0" skipped="0">
  <reporter-output>
  </reporter-output>
  <suite started-at="2023-02-14T21:09:39 IST" name="Command line suite" finished-at="2023-02-14T21:10:37 IST" duration-ms="57892">
    <groups>
    </groups>
    <test started-at="2023-02-14T21:09:39 IST" name="Command line test" finished-at="2023-02-14T21:10:37 IST" duration-ms="57892">
      <class name="Tests.LoginpageTest">
        <test-method is-config="true" signature="setupbrowser()[pri:0, instance:Tests.LoginpageTest@4f9a3314]" started-at="2023-02-14T21:09:39 IST" name="setupbrowser" finished-at="2023-02-14T21:09:49 IST" duration-ms="10003" status="PASS">
          <reporter-output>
          </reporter-output>
        </test-method> <!-- setupbrowser -->
        <test-method signature="loginwithvalidcredentials()[pri:1, instance:Tests.LoginpageTest@4f9a3314]" started-at="2023-02-14T21:09:49 IST" name="loginwithvalidcredentials" finished-at="2023-02-14T21:09:56 IST" duration-ms="7205" status="PASS">
          <reporter-output>
          </reporter-output>
        </test-method> <!-- loginwithvalidcredentials -->
        <test-method is-config="true" signature="closethebrowser()[pri:0, instance:Tests.LoginpageTest@4f9a3314]" started-at="2023-02-14T21:09:56 IST" name="closethebrowser" finished-at="2023-02-14T21:09:57 IST" duration-ms="656" status="PASS">
          <reporter-output>
          </reporter-output>
        </test-method> <!-- closethebrowser -->
        <test-method is-config="true" signature="setupbrowser()[pri:0, instance:Tests.LoginpageTest@4f9a3314]" started-at="2023-02-14T21:09:57 IST" name="setupbrowser" finished-at="2023-02-14T21:10:08 IST" duration-ms="11624" status="PASS">
          <reporter-output>
          </reporter-output>
        </test-method> <!-- setupbrowser -->
        <test-method signature="logincredentialswithinvalidpassword()[pri:2, instance:Tests.LoginpageTest@4f9a3314]" started-at="2023-02-14T21:10:08 IST" name="logincredentialswithinvalidpassword" finished-at="2023-02-14T21:10:16 IST" duration-ms="7383" status="PASS">
          <reporter-output>
          </reporter-output>
        </test-method> <!-- logincredentialswithinvalidpassword -->
        <test-method is-config="true" signature="closethebrowser()[pri:0, instance:Tests.LoginpageTest@4f9a3314]" started-at="2023-02-14T21:10:16 IST" name="closethebrowser" finished-at="2023-02-14T21:10:16 IST" duration-ms="647" status="PASS">
          <reporter-output>
          </reporter-output>
        </test-method> <!-- closethebrowser -->
        <test-method is-config="true" signature="setupbrowser()[pri:0, instance:Tests.LoginpageTest@4f9a3314]" started-at="2023-02-14T21:10:16 IST" name="setupbrowser" finished-at="2023-02-14T21:10:28 IST" duration-ms="11594" status="PASS">
          <reporter-output>
          </reporter-output>
        </test-method> <!-- setupbrowser -->
        <test-method signature="loginwithinvalidusername()[pri:3, instance:Tests.LoginpageTest@4f9a3314]" started-at="2023-02-14T21:10:28 IST" name="loginwithinvalidusername" finished-at="2023-02-14T21:10:36 IST" duration-ms="7687" status="PASS">
          <reporter-output>
          </reporter-output>
        </test-method> <!-- loginwithinvalidusername -->
        <test-method is-config="true" signature="closethebrowser()[pri:0, instance:Tests.LoginpageTest@4f9a3314]" started-at="2023-02-14T21:10:36 IST" name="closethebrowser" finished-at="2023-02-14T21:10:37 IST" duration-ms="1053" status="PASS">
          <reporter-output>
          </reporter-output>
        </test-method> <!-- closethebrowser -->
      </class> <!-- Tests.LoginpageTest -->
    </test> <!-- Command line test -->
  </suite> <!-- Command line suite -->
</testng-results>
