<?xml version="1.0" encoding="UTF-8"?>
<testng-results ignored="0" total="3" passed="3" failed="0" skipped="0">
  <reporter-output>
  </reporter-output>
  <suite started-at="2023-02-19T21:08:38 IST" name="Default suite" finished-at="2023-02-19T21:09:33 IST" duration-ms="54788">
    <groups>
    </groups>
    <test started-at="2023-02-19T21:08:38 IST" name="Default test" finished-at="2023-02-19T21:09:33 IST" duration-ms="54788">
      <class name="Tests.LoginpageTest">
        <test-method is-config="true" signature="setupbrowser()[pri:0, instance:Tests.LoginpageTest@48974e45]" started-at="2023-02-19T21:08:38 IST" name="setupbrowser" finished-at="2023-02-19T21:08:49 IST" duration-ms="10580" status="PASS">
          <reporter-output>
          </reporter-output>
        </test-method> <!-- setupbrowser -->
        <test-method signature="loginwithvalidcredentials()[pri:1, instance:Tests.LoginpageTest@48974e45]" started-at="2023-02-19T21:08:49 IST" name="loginwithvalidcredentials" finished-at="2023-02-19T21:08:55 IST" duration-ms="6001" status="PASS">
          <reporter-output>
          </reporter-output>
        </test-method> <!-- loginwithvalidcredentials -->
        <test-method is-config="true" signature="closethebrowser()[pri:0, instance:Tests.LoginpageTest@48974e45]" started-at="2023-02-19T21:08:55 IST" name="closethebrowser" finished-at="2023-02-19T21:08:56 IST" duration-ms="937" status="PASS">
          <reporter-output>
          </reporter-output>
        </test-method> <!-- closethebrowser -->
        <test-method is-config="true" signature="setupbrowser()[pri:0, instance:Tests.LoginpageTest@48974e45]" started-at="2023-02-19T21:08:56 IST" name="setupbrowser" finished-at="2023-02-19T21:09:06 IST" duration-ms="9962" status="PASS">
          <reporter-output>
          </reporter-output>
        </test-method> <!-- setupbrowser -->
        <test-method signature="logincredentialswithinvalidpassword()[pri:2, instance:Tests.LoginpageTest@48974e45]" started-at="2023-02-19T21:09:06 IST" name="logincredentialswithinvalidpassword" finished-at="2023-02-19T21:09:14 IST" duration-ms="8038" status="PASS">
          <reporter-output>
          </reporter-output>
        </test-method> <!-- logincredentialswithinvalidpassword -->
        <test-method is-config="true" signature="closethebrowser()[pri:0, instance:Tests.LoginpageTest@48974e45]" started-at="2023-02-19T21:09:14 IST" name="closethebrowser" finished-at="2023-02-19T21:09:15 IST" duration-ms="1120" status="PASS">
          <reporter-output>
          </reporter-output>
        </test-method> <!-- closethebrowser -->
        <test-method is-config="true" signature="setupbrowser()[pri:0, instance:Tests.LoginpageTest@48974e45]" started-at="2023-02-19T21:09:15 IST" name="setupbrowser" finished-at="2023-02-19T21:09:24 IST" duration-ms="9517" status="PASS">
          <reporter-output>
          </reporter-output>
        </test-method> <!-- setupbrowser -->
        <test-method signature="loginwithinvalidusername()[pri:3, instance:Tests.LoginpageTest@48974e45]" started-at="2023-02-19T21:09:24 IST" name="loginwithinvalidusername" finished-at="2023-02-19T21:09:32 IST" duration-ms="7497" status="PASS">
          <reporter-output>
          </reporter-output>
        </test-method> <!-- loginwithinvalidusername -->
        <test-method is-config="true" signature="closethebrowser()[pri:0, instance:Tests.LoginpageTest@48974e45]" started-at="2023-02-19T21:09:32 IST" name="closethebrowser" finished-at="2023-02-19T21:09:33 IST" duration-ms="1077" status="PASS">
          <reporter-output>
          </reporter-output>
        </test-method> <!-- closethebrowser -->
      </class> <!-- Tests.LoginpageTest -->
    </test> <!-- Default test -->
  </suite> <!-- Default suite -->
</testng-results>
