<?xml version="1.0" encoding="UTF-8"?>
<testng-results ignored="0" total="3" passed="3" failed="0" skipped="0">
  <reporter-output>
  </reporter-output>
  <suite started-at="2023-02-12T22:37:42 IST" name="Suite" finished-at="2023-02-12T22:38:40 IST" duration-ms="57799">
    <groups>
    </groups>
    <test started-at="2023-02-12T22:37:42 IST" name="Test" finished-at="2023-02-12T22:38:40 IST" duration-ms="57799">
      <class name="Tests.LoginpageTest">
        <test-method is-config="true" signature="setupbrowser()[pri:0, instance:Tests.LoginpageTest@48974e45]" started-at="2023-02-12T22:37:42 IST" name="setupbrowser" finished-at="2023-02-12T22:37:59 IST" duration-ms="17154" status="PASS">
          <reporter-output>
          </reporter-output>
        </test-method> <!-- setupbrowser -->
        <test-method signature="loginwithvalidcredentials()[pri:1, instance:Tests.LoginpageTest@48974e45]" started-at="2023-02-12T22:37:59 IST" name="loginwithvalidcredentials" finished-at="2023-02-12T22:38:05 IST" duration-ms="5979" status="PASS">
          <reporter-output>
          </reporter-output>
        </test-method> <!-- loginwithvalidcredentials -->
        <test-method is-config="true" signature="closethebrowser()[pri:0, instance:Tests.LoginpageTest@48974e45]" started-at="2023-02-12T22:38:05 IST" name="closethebrowser" finished-at="2023-02-12T22:38:06 IST" duration-ms="693" status="PASS">
          <reporter-output>
          </reporter-output>
        </test-method> <!-- closethebrowser -->
        <test-method is-config="true" signature="setupbrowser()[pri:0, instance:Tests.LoginpageTest@48974e45]" started-at="2023-02-12T22:38:06 IST" name="setupbrowser" finished-at="2023-02-12T22:38:16 IST" duration-ms="10060" status="PASS">
          <reporter-output>
          </reporter-output>
        </test-method> <!-- setupbrowser -->
        <test-method signature="logincredentialswithinvalidpassword()[pri:2, instance:Tests.LoginpageTest@48974e45]" started-at="2023-02-12T22:38:16 IST" name="logincredentialswithinvalidpassword" finished-at="2023-02-12T22:38:23 IST" duration-ms="7375" status="PASS">
          <reporter-output>
          </reporter-output>
        </test-method> <!-- logincredentialswithinvalidpassword -->
        <test-method is-config="true" signature="closethebrowser()[pri:0, instance:Tests.LoginpageTest@48974e45]" started-at="2023-02-12T22:38:23 IST" name="closethebrowser" finished-at="2023-02-12T22:38:24 IST" duration-ms="654" status="PASS">
          <reporter-output>
          </reporter-output>
        </test-method> <!-- closethebrowser -->
        <test-method is-config="true" signature="setupbrowser()[pri:0, instance:Tests.LoginpageTest@48974e45]" started-at="2023-02-12T22:38:24 IST" name="setupbrowser" finished-at="2023-02-12T22:38:32 IST" duration-ms="8116" status="PASS">
          <reporter-output>
          </reporter-output>
        </test-method> <!-- setupbrowser -->
        <test-method signature="loginwithinvalidusername()[pri:3, instance:Tests.LoginpageTest@48974e45]" started-at="2023-02-12T22:38:32 IST" name="loginwithinvalidusername" finished-at="2023-02-12T22:38:39 IST" duration-ms="7085" status="PASS">
          <reporter-output>
          </reporter-output>
        </test-method> <!-- loginwithinvalidusername -->
        <test-method is-config="true" signature="closethebrowser()[pri:0, instance:Tests.LoginpageTest@48974e45]" started-at="2023-02-12T22:38:39 IST" name="closethebrowser" finished-at="2023-02-12T22:38:40 IST" duration-ms="634" status="PASS">
          <reporter-output>
          </reporter-output>
        </test-method> <!-- closethebrowser -->
      </class> <!-- Tests.LoginpageTest -->
    </test> <!-- Test -->
  </suite> <!-- Suite -->
</testng-results>
